#
# A fatal error has been detected by the Java Runtime Environment:
#
#  SIGSEGV (0xb) at pc=0x0000000000000000, pid=46827, tid=0x0000000000011f07
#
# JRE version: OpenJDK Runtime Environment (8.0_252-b09) (build 1.8.0_252-b09)
# Java VM: OpenJDK 64-Bit Server VM (25.252-b09 mixed mode bsd-amd64 compressed oops)
# Problematic frame:
# C  0x0000000000000000
#
# Failed to write core dump. Core dumps have been disabled. To enable core dumping, try "ulimit -c unlimited" before starting Java again
#
# If you would like to submit a bug report, please visit:
#   http://bugreport.java.com/bugreport/crash.jsp
#

---------------  T H R E A D  ---------------

Current thread is native thread

siginfo: si_signo: 11 (SIGSEGV), si_code: 1 (SEGV_MAPERR), si_addr: 0x0000000000000000

Registers:
RAX=0x0000000122b39508, RBX=0x00000000000161b0, RCX=0x0000000000000010, RDX=0xfffffffffffffff0
RSP=0x000070000353b998, RBP=0x000070000353ba40, RSI=0x0000000000000000, RDI=0x0000000122ba3000
R8 =0x0000000000000200, R9 =0x00007f9454dd0bf0, R10=0x00007f9453bf4e30, R11=0x0000000000083c20
R12=0x00007f9454d4cfd0, R13=0x0000000122ba3000, R14=0x00007f9454dd0bf0, R15=0x0000000000000800
RIP=0x0000000000000000, EFLAGS=0x0000000000010246, ERR=0x0000000000000014
  TRAPNO=0x000000000000000e

Top of Stack: (sp=0x000070000353b998)
0x000070000353b998:   0000000122b0b639 0000000000000000
0x000070000353b9a8:   0000000000000000 0000000122bab1b0
0x000070000353b9b8:   000000010fae5010 0000000122ba91b0
0x000070000353b9c8:   0000020000000000 0000000000000000
0x000070000353b9d8:   0000000000000800 0000700000000200
0x000070000353b9e8:   0000000122ba71b0 0000000122ba3000
0x000070000353b9f8:   0000020000000000 0000000000000000
0x000070000353ba08:   000000000000037f 86b7846ebaed007c
0x000070000353ba18:   00007f94558869a0 00007f9454d4cfd0
0x000070000353ba28:   00007f9455886920 00007f9454dd0bf0
0x000070000353ba38:   00007f94558869a0 000070000353ba50
0x000070000353ba48:   0000000122b1b2ef 000070000353bad0
0x000070000353ba58:   000000012993fa1f 0000000000000003
0x000070000353ba68:   00007f9455848ab0 00007f9453bf4c00
0x000070000353ba78:   00007f9455886920 0000020000000000
0x000070000353ba88:   00007f9453bf4df8 000070000353bc18
0x000070000353ba98:   000070000353bc90 0000700000000000
0x000070000353baa8:   000070000353bc90 00007f9453bf4c00
0x000070000353bab8:   00007f9455848a30 00007f94506b6590
0x000070000353bac8:   0000000000000200 000070000353bb20
0x000070000353bad8:   0000000129a5b587 00007f9455907698
0x000070000353bae8:   000070000353bc18 000000000353bbe0
0x000070000353baf8:   0000000000001000 00007f9453bf4c00
0x000070000353bb08:   000070000353bc18 0000000000000000
0x000070000353bb18:   0000000000000001 000070000353bbf0
0x000070000353bb28:   0000000129a5ace7 00007f94506b6590
0x000070000353bb38:   00007f94558622c8 00001fa000000000
0x000070000353bb48:   000070000353bc90 00007f9455848a30
0x000070000353bb58:   00007f94506b6590 00007f9453bf4c00
0x000070000353bb68:   0000020053bf4c00 0000000000009fe0
0x000070000353bb78:   0000000000000000 00007f9453bf4ee8
0x000070000353bb88:   00007f9453bf4ee8 000070000353bbd0 

Instructions: (pc=0x0000000000000000)
0xffffffffffffffe0:   

Register to memory mapping:

RAX=0x0000000122b39508: PlaybackBackend+0x20 in /Users/shiyuerong/.gradle/caches/minecraft/net/minecraft/natives/1.11.2/openal.dylib at 0x0000000122af0000
RBX=0x00000000000161b0 is an unknown value
RCX=0x0000000000000010 is an unknown value
RDX=0xfffffffffffffff0 is an unknown value
RSP=0x000070000353b998 is an unknown value
RBP=0x000070000353ba40 is an unknown value
RSI=0x0000000000000000 is an unknown value
RDI=0x0000000122ba3000 is an unknown value
R8 =0x0000000000000200 is an unknown value
R9 =0x00007f9454dd0bf0 is an unknown value
R10=0x00007f9453bf4e30 is an unknown value
R11=0x0000000000083c20 is an unknown value
R12=0x00007f9454d4cfd0 is an unknown value
R13=0x0000000122ba3000 is an unknown value
R14=0x00007f9454dd0bf0 is an unknown value
R15=0x0000000000000800 is an unknown value


Stack: [0x00007000034bc000,0x000070000353c000],  sp=0x000070000353b998,  free space=510k

---------------  P R O C E S S  ---------------

VM state:at safepoint (shutting down)

VM Mutex/Monitor currently owned by a thread:  ([mutex/lock_event])
[0x00007f94505108e0] Threads_lock - owner thread: 0x00007f9451004800

heap address: 0x0000000740000000, size: 2048 MB, Compressed Oops mode: Zero based, Oop shift amount: 3
Narrow klass base: 0x0000000000000000, Narrow klass shift: 3
Compressed class space size: 1073741824 Address: 0x00000007c0000000

Heap:
 PSYoungGen      total 57344K, used 44862K [0x0000000795580000, 0x00000007ae700000, 0x00000007c0000000)
  eden space 56320K, 78% used