#
# A fatal error has been detected by the Java Runtime Environment:
#
#  SIGSEGV (0xb) at pc=0x0000000000000000, pid=47886, tid=0x000000000000e42f
#
# JRE version: OpenJDK Runtime Environment (8.0_252-b09) (build 1.8.0_252-b09)
# Java VM: OpenJDK 64-Bit Server VM (25.252-b09 mixed mode bsd-amd64 compressed oops)
# Problematic frame:
# C  0x0000000000000000
#
# Failed to write core dump. Core dumps have been disabled. To enable core dumping, try "ulimit -c unlimited" before starting Java again
#
# If you would like to submit a bug report, please visit:
#   http://bugreport.java.com/bugreport/crash.jsp
#

---------------  T H R E A D  ---------------

Current thread is native thread

siginfo: si_signo: 11 (SIGSEGV), si_code: 1 (SEGV_MAPERR), si_addr: 0x0000000000000000

Registers:
RAX=0x0000000127beb508, RBX=0x00000000000161b0, RCX=0x0000000000000010, RDX=0xfffffffffffffff0
RSP=0x00007000013eb998, RBP=0x00007000013eba40, RSI=0x0000000000000000, RDI=0x000000012640d000
R8 =0x0000000000000200, R9 =0x00007fa65e78ffa0, R10=0x00007fa65a4c4a30, R11=0x0000000000016e30
R12=0x00007fa65e779170, R13=0x000000012640d000, R14=0x00007fa65e78ffa0, R15=0x0000000000000800
RIP=0x0000000000000000, EFLAGS=0x0000000000010246, ERR=0x0000000000000014
  TRAPNO=0x000000000000000e

Top of Stack: (sp=0x00007000013eb998)
0x00007000013eb998:   0000000127bbd639 0000000000000000
0x00007000013eb9a8:   0000000000000000 00000001264151b0
0x00007000013eb9b8:   00000001264a3010 00000001264131b0
0x00007000013eb9c8:   0000020000000000 0000000000000000
0x00007000013eb9d8:   0000000000000800 0000700000000200
0x00007000013eb9e8:   00000001264111b0 000000012640d000
0x00007000013eb9f8:   0000020000000000 0000000000000000
0x00007000013eba08:   000000000000037f ab1ea6def80000d2
0x00007000013eba18:   00007fa65e09fe50 00007fa65e779170
0x00007000013eba28:   00007fa65e09fdd0 00007fa65e78ffa0
0x00007000013eba38:   00007fa65e09fe50 00007000013eba50
0x00007000013eba48:   0000000127bcd2ef 00007000013ebad0
0x00007000013eba58:   0000000131f8ea1f 0000000000000003
0x00007000013eba68:   00007fa66106dd40 00007fa65a4c4800
0x00007000013eba78:   00007fa65e09fdd0 0000020000000000
0x00007000013eba88:   00007fa65a4c49f8 00007000013ebc18
0x00007000013eba98:   00007000013ebc90 0000700000000000
0x00007000013ebaa8:   00007000013ebc90 00007fa65a4c4800
0x00007000013ebab8:   00007fa66106dcc0 00007fa66100a440
0x00007000013ebac8:   0000000000000200 00007000013ebb20
0x00007000013ebad8:   00000001320aa587 00007fa661040858
0x00007000013ebae8:   00007000013ebc18 00000000013ebbe0
0x00007000013ebaf8:   0000000000001000 00007fa65a4c4800
0x00007000013ebb08:   00007000013ebc18 0000000000000000
0x00007000013ebb18:   0000000000000001 00007000013ebbf0
0x00007000013ebb28:   00000001320a9ce7 00007fa66100a440
0x00007000013ebb38:   00000001264a10e0 00001fa0013ebbc0
0x00007000013ebb48:   00007000013ebc90 00007fa66106dcc0
0x00007000013ebb58:   00007fa66100a440 00007fa65a4c4800
0x00007000013ebb68:   0000020038000000 3feffffa00009fe0
0x00007000013ebb78:   40e5888000000000 00007fa65a4c4ae8
0x00007000013ebb88:   00007fa65a4c4ae8 00007000013ebbd0 

Instructions: (pc=0x0000000000000000)
0xffffffffffffffe0:   

Register to memory mapping:

RAX=0x0000000127beb508: PlaybackBackend+0x20 in /Users/shiyuerong/.gradle/caches/minecraft/net/minecraft/natives/1.11.2/openal.dylib at 0x0000000127ba2000
RBX=0x00000000000161b0 is an unknown value
RCX=0x0000000000000010 is an unknown value
RDX=0xfffffffffffffff0 is an unknown value
RSP=0x00007000013eb998 is an unknown value
RBP=0x00007000013eba40 is an unknown value
RSI=0x0000000000000000 is an unknown value
RDI=0x000000012640d000 is an unknown value
R8 =0x0000000000000200 is an unknown value
R9 =0x00007fa65e78ffa0 is an unknown value
R10=0x00007fa65a4c4a30 is an unknown value
R11=0x0000000000016e30 is an unknown value
R12=0x00007fa65e779170 is an unknown value
R13=0x000000012640d000 is an unknown value
R14=0x00007fa65e78ffa0 is an unknown value
R15=0x0000000000000800 is an unknown value


Stack: [0x000070000136c000,0x00007000013ec000],  sp=0x00007000013eb998,  free space=510k

---------------  P R O C E S S  ---------------

VM state:at safepoint (shutting down)

VM Mutex/Monitor currently owned by a thread:  ([mutex/lock_event])
[0x00007fa659401810] Threads_lock - owner thread: 0x00007fa65a80e800

heap address: 0x0000000740000000, size: 2048 MB, Compressed Oops mode: Zero based, Oop shift amount: 3
Narrow klass base: 0x0000000000000000, Narrow klass shift: 3
Compressed class space size: 1073741824 Address: 0x00000007c0000000

Heap:
 PSYoungGen      total 602112K, used 453111K [0x0000000795580000, 0x00000007beb80000, 0x00000007c0000000)
  eden space 601088K, 75% used [0x0000000795580000,0x00000007b0f0df98,0x00000007ba080000)
  from space 1024K, 93% used [0x00000007bea80000,0x00000007beb70000,0x00000007beb80000)
  to   space 7168K, 0% used [0x00000007bdd80000,0x00000007bdd80000,0x00000007be480000)
 ParOldGen       total 371200K, used 216427K [0x0000000740000000, 0x0000000756a80000, 0x0000000795580000)
  object space 371200K, 58% used [0x0000000740000000,0x000000074d35adc0,0x0000000756a80000)
 Metaspace       used 57742K, capacity 58355K, committed 58752K, reserved 1101824K
  class space    used 6793K, capacity 6960K, committed 7040K, reserved 1048576K

Card table byte_map: [0x00000001106ce000,0x0000000110acf000] byte_map_base: 0x000000010ccce000

Marking Bits: (ParMarkBitMap*) 0x000000011009f570
 Begin Bits: [0x000000011ff65000, 0x0000000121f65000)
 End Bits:   [0x0000000121f65000, 0x0000000123f65000)

Polling page: 0x000000010eef4000

CodeCache: size=245760Kb used=47282Kb max_used=47296Kb free=198477Kb
 bounds [0x0000000110cba000, 0x0000000113b6a000, 0x000000011fcba000]
 total_blobs=12739 nmethods=11777 adapters=874
 compilation: enabled

Compilation events (10 events):
Event: 5261.398 Thread 0x00007fa65b01f000 18423       4       java.nio.charset.CharsetEncoder::flush (49 bytes)
Event: 5262.321 Thread 0x00007fa65a04d000 18420       3       io.netty.channel.local.LocalChannel::isOpen (14 bytes)
Event: 5263.112 Thread 0x00007fa65a04d000 nmethod 18420 0x00000001116dd250 code [0x00000001116dd3c0, 0x00000001116dd570]
Event: 5263.170 Thread 0x00007fa65b01f000 nmethod 18423 0x00000001130fe050 code [0x00000001130fe1a0, 0x00000001130fe258]
Event: 5264.034 Thread 0x00007fa65a04d000 18424       3       org.objectweb.asm.commons.RemappingMethodAdapter::visitAnnotation (35 bytes)
Event: 5264.264 Thread 0x00007fa65a04d000 nmethod 18424 0x0000000113053110 code [0x00000001130532c0, 0x0000000113053848]
Event: 5266.121 Thread 0x00007fa65a04d000 18422       3       java.util.jar.Attributes::size (10 bytes)
Event: 5266.329 Thread 0x00007fa65a04d000 nmethod 18422 0x00000001121ac610 code [0x00000001121ac780, 0x00000001121ac9a8]
Event: 5270.267 Thread 0x00007fa65a04d000 18425       1       com.google.common.cache.LocalCache$WeakEntry::getHash (5 bytes)
Event: 5270.594 Thread 0x00007fa65a04d000 nmethod 18425 0x0000000112b23a50 code [0x0000000112b23ba0, 0x0000000112b23cb0]

GC Heap History (10 events):
Event: 4635.674 GC heap before
{Heap before GC invocations=268 (full 118):
 PSYoungGen      total 690688K, used 682688K [0x0000000795580000, 0x00000007c0000000, 0x00000007c0000000)
  eden space 682496K, 100% used [0x0000000795580000,0x00000007bf000000,0x00000007bf000000)
  from space 8192K, 2% used [0x00000007bf000000,0x00000007bf030000,0x00000007bf800000)
  to   space 8192K, 0% used [0x00000007bf800000,0x00000007bf800000,0x00000007c0000000)
 ParOldGen       total 371200K, used 216419K [0x0000000740000000, 0x0000000756a80000, 0x0000000795580000)
  object space 371200K, 58% used [0x0000000740000000,0x000000074d358dc0,0x0000000756a80000)
 Metaspace       used 57643K, capacity 58291K, committed 58752K, reserved 1101824K
  class space    used 6779K, capacity 6960K, committed 7040K, reserved 1048576K
Event: 4635.788 GC heap after
Heap after GC invocations=268 (full 118):
 PSYoungGen      total 653824K, used 192K [0x0000000795580000, 0x00000007bf880000, 0x00000007c0000000)
  eden space 653312K, 0% used [0x0000000795580000,0x0000000795580000,0x00000007bd380000)
  from space 512K, 37% used [0x00000007bf800000,0x00000007bf830000,0x00000007bf880000)
  to   space 8192K, 0% used [0x00000007be880000,0x00000007be880000,0x00000007bf080000)
 ParOldGen       total 371200K, used 216419K [0x0000000740000000, 0x0000000756a80000, 0x0000000795580000)
  object space 371200K, 58% used [0x0000000740000000,0x000000074d358dc0,0x0000000756a80000)
 Metaspace       used 57643K, capacity 58291K, committed 58752K, reserved 1101824K
  class space    used 6779K, capacity 6960K, committed 7040K, reserved 1048576K
}
Event: 4767.333 GC heap before
{Heap before GC invocations=269 (full 118):
 PSYoungGen      total 653824K, used 653504K [0x0000000795580000, 0x00000007bf880000, 0x00000007c0000000)
  eden space 653312K, 100% used [0x0000000795580000,0x00000007bd380000,0x00000007bd380000)
  from space 512K, 37% used [0x00000007bf800000,0x00000007bf830000,0x00000007bf880000)
  to   space 8192K, 0% used [0x00000007be880000,0x00000007be880000,0x00000007bf080000)
 ParOldGen       total 371200K, used 216419K [0x0000000740000000, 0x0000000756a80000, 0x0000000795580000)
  object space 371200K, 58% used [0x0000000740000000,0x000000074d358dc0,0x0000000756a80000)
 Metaspace       used 57646K, capacity 58291K, committed 58752K, reserved 1101824K
  class space    used 6779K, capacity 6960K, committed 7040K, reserved 1048576K
Event: 4767.509 GC heap after
Heap after GC invocations=269 (full 118):
 PSYoungGen      total 633856K, used 992K [0x0000000795580000, 0x00000007bf880000, 0x00000007c0000000)
  eden space 625664K, 0% used [0x0000000795580000,0x0000000795580000,0x00000007bb880000)
  from space 8192K, 12% used [0x00000007be880000,0x00000007be978000,0x00000007bf080000)
  to   space 7680K, 0% used [0x00000007bf100000,0x00000007bf100000,0x00000007bf880000)
 ParOldGen       total 371200K, used 216427K [0x0000000740000000, 0x0000000756a80000, 0x0000000795580000)
  object space 371200K, 58% used [0x0000000740000000,0x000000074d35adc0,0x0000000756a80000)
 Metaspace       used 57646K, capacity 58291K, committed 58752K, reserved 1101824K
  class space    used 6779K, capacity 6960K, committed 7040K, reserved 1048576K
}
Event: 4877.699 GC heap before
{Heap before GC invocations=270 (full 118):
 PSYoungGen      total 633856K, used 626656K [0x0000000795580000, 0x00000007bf880000, 0x00000007c0000000)
  eden space 625664K, 100% used [0x0000000795580000,0x00000007bb880000,0x00000007bb880000)
  from space 8192K, 12% used [0x00000007be880000,0x00000007be978000,0x00000007bf080000)
  to   space 7680K, 0% used [0x00000007bf100000,0x00000007bf100000,0x00000007bf880000)
 ParOldGen       total 371200K, used 216427K [0x0000000740000000, 0x0000000756a80000, 0x0000000795580000)
  object space 371200K, 58% used [0x0000000740000000,0x000000074d35adc0,0x0000000756a80000)
 Metaspace       used 57646K, capacity 58291K, committed 58752K, reserved 1101824K
  class space    used 6779K, capacity 6960K, committed 7040K, reserved 1048576K
Event: 4877.844 GC heap after
Heap after GC invocations=270 (full 118):
 PSYoungGen      total 600576K, used 832K [0x0000000795580000, 0x00000007bf200000, 0x00000007c0000000)
  eden space 599552K, 0% used [0x0000000795580000,0x0000000795580000,0x00000007b9f00000)
  from space 1024K, 81% used [0x00000007bf100000,0x00000007bf1d0000,0x00000007bf200000)
  to   space 7680K, 0% used [0x00000007be300000,0x00000007be300000,0x00000007bea80000)
 ParOldGen       total 371200K, used 216427K [0x0000000740000000, 0x0000000756a80000, 0x0000000795580000)
  object space 371200K, 58% used [0x0000000740000000,0x000000074d35adc0,0x0000000756a80000)
 Metaspace       used 57646K, capacity 58291K, committed 58752K, reserved 1101824K
  class space    used 6779K, capacity 6960K, committed 7040K, reserved 1048576K
}
Event: 5009.222 GC heap before
{Heap before GC invocations=271 (full 118):
 PSYoungGen      total 600576K, used 600384K [0x0000000795580000, 0x00000007bf200000, 0x00000007c0000000)
  eden space 599552K, 100% used [0x0000000795580000,0x00000007b9f00000,0x00000007b9f00000)
  from space 1024K, 81% used [0x00000007bf100000,0x00000007bf1d0000,0x00000007bf200000)
  to   space 7680K, 0% used [0x00000007be300000,0x00000007be300000,0x00000007bea80000)
 ParOldGen       total 371200K, used 216427K [0x0000000740000000, 0x0000000756a80000, 0x0000000795580000)
  object space 371200K, 58% used [0x0000000740000000,0x000000074d35adc0,0x0000000756a80000)
 Metaspace       used 57647K, capacity 58291K, committed 58752K, reserved 1101824K
  class space    used 6779K, capacity 6960K, committed 7040K, reserved 1048576K
Event: 5009.855 GC heap after
Heap after GC invocations=271 (full 118):
 PSYoungGen      total 582144K, used 640K [0x0000000795580000, 0x00000007bf180000, 0x00000007c0000000)
  eden space 574464K, 0% used [0x0000000795580000,0x0000000795580000,0x00000007b8680000)
  from space 7680K, 8% used [0x00000007be300000,0x00000007be3a0000,0x00000007bea80000)
  to   space 7168K, 0% used [0x00000007bea80000,0x00000007bea80000,0x00000007bf180000)
 ParOldGen       total 371200K, used 216427K [0x0000000740000000, 0x0000000756a80000, 0x0000000795580000)
  object space 371200K, 58% used [0x0000000740000000,0x000000074d35adc0,0x0000000756a80000)
 Metaspace       used 57647K, capacity 58291K, committed 58752K, reserved 1101824K
  class space    used 6779K, capacity 6960K, committed 7040K, reserved 1048576K
}
Event: 5116.107 GC heap before
{Heap before GC invocations=272 (full 118):
 PSYoungGen      total 582144K, used 575104K [0x0000000795580000, 0x00000007bf180000, 0x00000007c0000000)
  eden space 574464K, 100% used [0x0000000795580000,0x00000007b8680000,0x00000007b8680000)
  from space 7680K, 8% used [0x00000007be300000,0x00000007be3a0000,0x00000007bea80000)
  to   space 7168K, 0% used [0x00000007bea80000,0x00000007bea80000,0x00000007bf180000)
 ParOldGen       total 371200K, used 216427K [0x0000000740000000, 0x0000000756a80000, 0x0000000795580000)
  object space 371200K, 58% used [0x0000000740000000,0x000000074d35adc0,0x0000000756a80000)
 Metaspace       used 57648K, capacity 58291K, committed 58752K, reserved 1101824K
  class space    used 6779K, capacity 6960K, committed 7040K, reserved 1048576K
Event: 5119.171 GC heap after
Heap after GC invocations=272 (full 118):
 PSYoungGen      total 602112K, used 960K [0x0000000795580000, 0x00000007beb80000, 0x00000007c0000000)
  eden space 601088K, 0% used [0x0000000795580000,0x0000000795580000,0x00000007ba080000)
  from space 1024K, 93% used [0x00000007bea80000,0x00000007beb70000,0x00000007beb80000)
  to   space 7168K, 0% used [0x00000007bdd80000,0x00000007bdd80000,0x00000007be480000)
 ParOldGen       total 371200K, used 216427K [0x0000000740000000, 0x0000000756a80000, 0x0000000795580000)
  object space 371200K, 58% used [0x0000000740000000,0x000000074d35adc0,0x0000000756a80000)
 Metaspace       used 57648K, capacity 58291K, committed 58752K, reserved 1101824K
  class space    used 6779K, capacity 6960K, committed 7040K, reserved 1048576K
}

Deoptimization events (10 events):
Event: 5256.270 Thread 0x00007fa662193000 Uncommon trap: reason=unstable_if action=reinterpret pc=0x000000011133dd50 method=java.io.ExpiringCache.put(Ljava/lang/String;Ljava/lang/String;)V @ 29
Event: 5257.586 Thread 0x00007fa662187800 Uncommon trap: reason=unstable_if action=reinterpret pc=0x0000000111fc6ab4 method=it.unimi.dsi.fastutil.longs.Long2ObjectOpenHashMap$MapIterator.nextEntry()I @ 69
Event: 5258.035 Thread 0x00007fa662193000 Uncommon trap: reason=bimorphic action=maybe_recompile pc=0x0000000112ba3984 method=net.minecraft.server.management.PlayerChunkMap.tick()V @ 440
Event: 5258.142 Thread 0x00007fa662193000 Uncommon trap: reason=class_check action=maybe_recompile pc=0x00000001130ed9a4 method=net.minecraft.world.World.updateEntities()V @ 222
Event: 5258.316 Thread 0x00007fa662193000 Uncommon trap: reason=bimorphic action=maybe_recompile pc=0x0000000112ba3984 method=net.minecraft.server.management.PlayerChunkMap.tick()V @ 440
Event: 5258.316 Thread 0x00007fa662193000 Uncommon trap: reason=bimorphic action=maybe_recompile pc=0x0000000112ba3984 method=net.minecraft.server.management.PlayerChunkMap.tick()V @ 440
Event: 5258.319 Thread 0x00007fa662193000 Uncommon trap: reason=bimorphic action=maybe_recompile pc=0x0000000112ba3984 method=net.minecraft.server.management.PlayerChunkMap.tick()V @ 440
Event: 5270.072 Thread 0x00007fa662193000 Uncommon trap: reason=unstable_if action=reinterpret pc=0x0000000112d73f00 method=java.lang.ref.SoftReference.get()Ljava/lang/Object; @ 6
Event: 5270.162 Thread 0x00007fa662193000 Uncommon trap: reason=unstable_if action=reinterpret pc=0x0000000111e6cdd0 method=java.lang.ref.SoftReference.get()Ljava/lang/Object; @ 6
Event: 5270.494 Thread 0x00007fa662187800 Uncommon trap: reason=class_check action=maybe_recompile pc=0x000000011381ce68 method=org.apache.logging.log4j.core.Logger$PrivateConfig.filter(Lorg/apache/logging/log4j/Level;Lorg/apache/logging/log4j/Marker;Ljava/lang/String;[Ljava/lang/Object;)Z @ 4

Classes redefined (0 events):
No events

Internal exceptions (10 events):
Event: 5243.556 Thread 0x00007fa65cef0800 Implicit null exception at 0x00000001121eadea to 0x00000001121eb181
Event: 5245.067 Thread 0x00007fa65cef1000 Implicit null exception at 0x0000000112edfb85 to 0x0000000112ee19a1
Event: 5251.315 Thread 0x00007fa65a4be000 Exception <a 'java/lang/InterruptedException': sleep interrupted> (0x00000007a8b786b8) thrown at [/Users/jenkins/workspace/build-scripts/jobs/jdk8u/jdk8u-mac-x64-hotspot/workspace/build/src/hotspot/src/share/vm/prims/jvm.cpp, line 3336]
Event: 5257.493 Thread 0x00007fa65a4be000 Exception <a 'java/lang/InterruptedException': sleep interrupted> (0x00000007a8b78938) thrown at [/Users/jenkins/workspace/build-scripts/jobs/jdk8u/jdk8u-mac-x64-hotspot/workspace/build/src/hotspot/src/share/vm/prims/jvm.cpp, line 3336]
Event: 5259.072 Thread 0x00007fa65a4be000 Exception <a 'java/lang/InterruptedException': sleep interrupted> (0x00000007a8b78b90) thrown at [/Users/jenkins/workspace/build-scripts/jobs/jdk8u/jdk8u-mac-x64-hotspot/workspace/build/src/hotspot/src/share/vm/prims/jvm.cpp, line 3336]
Event: 5262.416 Thread 0x00007fa662187800 Exception <a 'java/lang/NullPointerException'> (0x00000007b07eada8) thrown at [/Users/jenkins/workspace/build-scripts/jobs/jdk8u/jdk8u-mac-x64-hotspot/workspace/build/src/hotspot/src/share/vm/runtime/sharedRuntime.cpp, line 1088]
Event: 5269.185 Thread 0x00007fa662187800 Exception <a 'java/lang/NullPointerException'> (0x00000007b0cd4548) thrown at [/Users/jenkins/workspace/build-scripts/jobs/jdk8u/jdk8u-mac-x64-hotspot/workspace/build/src/hotspot/src/share/vm/interpreter/linkResolver.cpp, line 1185]
Event: 5270.063 Thread 0x00007fa662193000 Implicit null exception at 0x0000000112d73924 to 0x0000000112d73ee1
Event: 5270.071 Thread 0x00007fa662187800 Exception <a 'java/io/IOException'> (0x00000007b0cd4a90) thrown at [/Users/jenkins/workspace/build-scripts/jobs/jdk8u/jdk8u-mac-x64-hotspot/workspace/build/src/hotspot/src/share/vm/prims/jni.cpp, line 710]
Event: 5270.162 Thread 0x00007fa662193000 Implicit null exception at 0x0000000111e6c901 to 0x0000000111e6cdb5

Events (10 events):
Event: 5270.187 Thread 0x00007fa662193000 DEOPT UNPACKING pc=0x0000000110cff47a sp=0x00007000033fb990 mode 2
Event: 5270.206 loading class java/io/InterruptedIOException done
Event: 5270.494 Thread 0x00007fa662187800 Uncommon trap: trap_request=0xffffffde fr.pc=0x000000011381ce68
Event: 5270.494 Thread 0x00007fa662187800 DEOPT PACKING pc=0x000000011381ce68 sp=0x0000700003c143c0
Event: 5270.494 Thread 0x00007fa662187800 DEOPT UNPACKING pc=0x0000000110cff47a sp=0x0000700003c142f8 mode 2
Event: 5271.145 Executing VM operation: RevokeBias
Event: 5271.172 Executing VM operation: RevokeBias done
Event: 5271.174 Thread 0x00007fa66196c000 Thread exited: 0x00007fa66196c000
Event: 5271.204 Thread 0x00007fa662187800 Thread exited: 0x00007fa662187800
Event: 5271.255 Executing VM operation: Exit


Dynamic libraries:
0x00007fff3f2af000 	/System/Library/Frameworks/Cocoa.framework/Versions/A/Cocoa
0x00007fff4b05e000 	/System/Library/Frameworks/Security.framework/Versions/A/Security
0x00007fff3df41000 	/System/Library/Frameworks/ApplicationServices.framework/Versions/A/ApplicationServices
0x00007fff6b179000 	/usr/lib/libz.1.dylib
0x00007fff68ad0000 	/usr/lib/libSystem.B.dylib
0x00007fff3fb24000 	/System/Library/Frameworks/CoreFoundation.framework/Versions/A/CoreFoundation
0x00007fff6a309000 	/usr/lib/libobjc.A.dylib
0x00007fff41da9000 	/System/Library/Frameworks/Foundation.framework/Versions/C/Foundation
0x00007fff3d13a000 	/System/Library/Frameworks/AppKit.framework/Versions/C/AppKit
0x00007fff3f6ad000 	/System/Library/Frameworks/CoreData.framework/Versions/A/CoreData
0x00007fff62594000 	/System/Library/PrivateFrameworks/RemoteViewServices.framework/Versions/A/RemoteViewServices
0x00007fff6680c000 	/System/Library/PrivateFrameworks/UIFoundation.framework/Versions/A/UIFoundation
0x00007fff67ef1000 	/System/Library/PrivateFrameworks/XCTTargetBootstrap.framework/Versions/A/XCTTargetBootstrap
0x00007fff3fa33000 	/System/Library/Frameworks/CoreDisplay.framework/Versions/A/CoreDisplay
0x00007fff5d2a7000 	/System/Library/PrivateFrameworks/IconServices.framework/Versions/A/IconServices
0x00007fff446cb000 	/System/Library/Frameworks/Metal.framework/Versions/A/Metal
0x00007fff547eb000 	/System/Library/PrivateFrameworks/DesktopServicesPriv.framework/Versions/A/DesktopServicesPriv
0x00007fff6966c000 	/usr/lib/libenergytrace.dylib
0x00007fff64cf2000 	/System/Library/PrivateFrameworks/SkyLight.framework/Versions/A/SkyLight
0x00007fff3ff6b000 	/System/Library/Frameworks/CoreGraphics.framework/Versions/A/CoreGraphics
0x00007fff3bf06000 	/System/Library/Frameworks/Accelerate.framework/Versions/A/Accelerate
0x00007fff424f2000 	/System/Library/Frameworks/IOSurface.framework/Versions/A/IOSurface
0x00007fff54657000 	/System/Library/PrivateFrameworks/DFRFoundation.framework/Versions/A/DFRFoundation
0x00007fff3e424000 	/System/Library/Frameworks/AudioToolbox.framework/Versions/A/AudioToolbox
0x00007fff3e69d000 	/System/Library/Frameworks/AudioUnit.framework/Versions/A/AudioUnit
0x00007fff546ec000 	/System/Library/PrivateFrameworks/DataDetectorsCore.framework/Versions/A/DataDetectorsCore
0x00007fff3edb2000 	/System/Library/Frameworks/Carbon.framework/Versions/A/Frameworks/HIToolbox.framework/Versions/A/HIToolbox
0x00007fff697c5000 	/usr/lib/libicucore.A.dylib
0x00007fff4a5d1000 	/System/Library/Frameworks/QuartzCore.framework/Versions/A/QuartzCore
0x00007fff3f187000 	/System/Library/Frameworks/Carbon.framework/Versions/A/Frameworks/SpeechRecognition.framework/Versions/A/SpeechRecognition
0x00007fff68c24000 	/usr/lib/libauto.dylib
0x00007fff6b06c000 	/usr/lib/libxml2.2.dylib
0x00007fff54232000 	/System/Library/PrivateFrameworks/CoreUI.framework/Versions/A/CoreUI
0x00007fff3f598000 	/System/Library/Frameworks/CoreAudio.framework/Versions/A/CoreAudio
0x00007fff41bdd000 	/System/Library/Frameworks/DiskArbitration.framework/Versions/A/DiskArbitration
0x00007fff69a73000 	/usr/lib/liblangid.dylib
0x00007fff5e6d8000 	/System/Library/PrivateFrameworks/MultitouchSupport.framework/Versions/A/MultitouchSupport
