#
# A fatal error has been detected by the Java Runtime Environment:
#
#  SIGSEGV (0xb) at pc=0x0000000000000000, pid=6457, tid=0x000000000000e83b
#
# JRE version: OpenJDK Runtime Environment (8.0_265-b01) (build 1.8.0_265-b01)
# Java VM: OpenJDK 64-Bit Server VM (25.265-b01 mixed mode bsd-amd64 compressed oops)
# Problematic frame:
# C  0x0000000000000000
#
# Failed to write core dump. Core dumps have been disabled. To enable core dumping, try "ulimit -c unlimited" before starting Java again
#
# If you would like to submit a bug report, please visit:
#   http://bugreport.java.com/bugreport/crash.jsp
#

---------------  T H R E A D  ---------------

Current thread is native thread

siginfo: si_signo: 11 (SIGSEGV), si_code: 1 (SEGV_MAPERR), si_addr: 0x0000000000000000

Registers:
RAX=0x0000000129ff4508, RBX=0x00000000000161b0, RCX=0x0000000000000010, RDX=0xfffffffffffffff0
RSP=0x00007000122a5998, RBP=0x00007000122a5a40, RSI=0x0000000000000000, RDI=0x0000000119633000
R8 =0x0000000000000200, R9 =0x00007fa119e8b4b0, R10=0x00007fa117d68230, R11=0x00000000046fd6d0
R12=0x00007fa11578dde0, R13=0x0000000119633000, R14=0x00007fa119e8b4b0, R15=0x0000000000000800
RIP=0x0000000000000000, EFLAGS=0x0000000000010246, ERR=0x0000000000000014
  TRAPNO=0x000000000000000e

Top of Stack: (sp=0x00007000122a5998)
0x00007000122a5998:   0000000129fc6639 0000000000000000
0x00007000122a59a8:   0000000000000000 000000011963b1b0
0x00007000122a59b8:   0000000115fd4010 00000001196391b0
0x00007000122a59c8:   0000020000000000 0000000000000000
0x00007000122a59d8:   0000000000000800 0000700000000200
0x00007000122a59e8:   00000001196371b0 0000000119633000
0x00007000122a59f8:   0000020000000000 0000000000000000
0x00007000122a5a08:   000000000000037f 8785686f54de00bc
0x00007000122a5a18:   00007fa11c13f130 00007fa11578dde0
0x00007000122a5a28:   00007fa11c13f0b0 00007fa119e8b4b0
0x00007000122a5a38:   00007fa11c13f130 00007000122a5a50
0x00007000122a5a48:   0000000129fd62ef 00007000122a5ad0
0x00007000122a5a58:   000000012ed36a1f 0000000000000003
0x00007000122a5a68:   00007fa11c13ef40 00007fa117d68000
0x00007000122a5a78:   00007fa11c13f0b0 0000020000000000
0x00007000122a5a88:   00007fa117d681f8 00007000122a5c18
0x00007000122a5a98:   00007000122a5c90 0000700000000000
0x00007000122a5aa8:   00007000122a5c90 00007fa117d68000
0x00007000122a5ab8:   00007fa11c13eec0 00007fa119dda600
0x00007000122a5ac8:   0000000000000200 00007000122a5b20
0x00007000122a5ad8:   000000012ee52587 00007fa11c43e888
0x00007000122a5ae8:   00007000122a5c18 00000000122a5be0
0x00007000122a5af8:   0000000000001000 00007fa117d68000
0x00007000122a5b08:   00007000122a5c18 0000000000000000
0x00007000122a5b18:   0000000000000001 00007000122a5bf0
0x00007000122a5b28:   000000012ee51ce7 00007fa119dda600
0x00007000122a5b38:   0000000115fd20e0 00001fa0122a5bc0
0x00007000122a5b48:   00007000122a5c90 00007fa11c13eec0
0x00007000122a5b58:   00007fa119dda600 00007fa117d68000
0x00007000122a5b68:   0000020026000000 3fefffff00009fe0
0x00007000122a5b78:   40e5888000000000 00007fa117d682e8
0x00007000122a5b88:   00007fa117d682e8 00007000122a5bd0 

Instructions: (pc=0x0000000000000000)
0xffffffffffffffe0:   

Register to memory mapping:

RAX=