#
# A fatal error has been detected by the Java Runtime Environment:
#
#  SIGSEGV (0xb) at pc=0x0000000000000000, pid=46302, tid=0x000000000000d973
#
# JRE version: OpenJDK Runtime Environment (8.0_252-b09) (build 1.8.0_252-b09)
# Java VM: OpenJDK 64-Bit Server VM (25.252-b09 mixed mode bsd-amd64 compressed oops)
# Problematic frame:
# C  0x0000000000000000
#
# Failed to write core dump. Core dumps have been disabled. To enable core dumping, try "ulimit -c unlimited" before starting Java again
#
# If you would like to submit a bug report, please visit:
#   http://bugreport.java.com/bugreport/crash.jsp
#

---------------  T H R E A D  ---------------

Current thread is native thread

siginfo: si_signo: 11 (SIGSEGV), si_code: 1 (SEGV_MAPERR), si_addr: 0x0000000000000000

Registers:
RAX=0x0000000121915508, RBX=0x00000000000161b0, RCX=0x0000000000000010, RDX=0xfffffffffffffff0
RSP=0x0000700007fce998, RBP=0x0000700007fcea40, RSI=0x0000000000000000, RDI=0x000000011c0d7000
R8 =0x0000000000000200, R9 =0x00007fbae46b35b0, R10=0x00007fbae1ae8a30, R11=0xfffffffffffffdb0
R12=0x00007fbae46b3800, R13=0x000000011c0d7000, R14=0x00007fbae46b35b0, R15=0x0000000000000800
RIP=0x0000000000000000, EFLAGS=0x0000000000010246, ERR=0x0000000000000014
  TRAPNO=0x000000000000000e

Top of Stack: (sp=0x0000700007fce998)
0x0000700007fce998:   00000001218e7639 0000000000000000
0x0000700007fce9a8:   0000000000000000 000000011c0df1b0
0x0000700007fce9b8:   000000010c6e8010 000000011c0dd1b0
0x0000700007fce9c8:   0000020000000000 0000000000000000
0x0000700007fce9d8:   0000000000000800 0000700000000200
0x0000700007fce9e8:   000000011c0db1b0 000000011c0d7000
0x0000700007fce9f8:   0000020000000000 0000000000000000
0x0000700007fcea08:   000000000000037f 13bf9c47b8320007
0x0000700007fcea18:   00007fbae593ad90 00007fbae46b3800
0x0000700007fcea28:   00007fbae593ad10 00007fbae46b35b0
0x0000700007fcea38:   00007fbae593ad90 0000700007fcea50
0x0000700007fcea48:   00000001218f72ef 0000700007fcead0
0x0000700007fcea58:   00000001239eea1f 0000000000000003
0x0000700007fcea68:   00007fbae593ac10 00007fbae1ae8800
0x0000700007fcea78:   00007fbae593ad10 0000020007fceac0
0x0000700007fcea88:   00007fbae1ae89f8 0000700007fcec18
0x0000700007fcea98:   0000700007fcec90 0000700000000000
0x0000700007fceaa8:   0000700007fcec90 00007fbae1ae8800
0x0000700007fceab8:   00007fbae593ab90 00007fbae58657b0
0x0000700007fceac8:   0000000000000200 0000700007fceb20
0x0000700007fcead8:   0000000123b0a587 00007fbae46b37e8
0x0000700007fceae8:   0000700007fcec18 0000000007fcebe0
0x0000700007fceaf8:   0000000000001000 00007fbae1ae8800
0x0000700007fceb08:   0000700007fcec18 0000000000000000
0x0000700007fceb18:   0000000000000001 0000700007fcebf0
0x0000700007fceb28:   0000000123b09ce7 00007fbae58657b0
0x0000700007fceb38:   00007fbae590ae18 00001fa000000000
0x0000700007fceb48:   0000700007fcec90 00007fbae593ab90
0x0000700007fceb58:   00007fbae58657b0 00007fbae1ae8800
0x0000700007fceb68:   00000200e1ae8800 0000000000009fe0
0x0000700007fceb78:   0000000000000000 00007fbae1ae8ae8
0x0000700007fceb88:   00007fbae1ae8ae8 0000700007fcebd0 

Instructions: (pc=0x0000000000000000)
0xffffffffffffffe0:   

Register to memory mapping:

RAX=0x0000000121915508: PlaybackBackend+0x20 in /Users/shiyuerong/.gradle/caches/minecraft/net/minecraft/natives/1.11.2/openal.dylib at 0x00000001218cc000
