#
# A fatal error has been detected by the Java Runtime Environment:
#
#  SIGSEGV (0xb) at pc=0x0000000000000000, pid=75111, tid=0x0000000000012707
#
# JRE version: OpenJDK Runtime Environment (8.0_252-b09) (build 1.8.0_252-b09)
# Java VM: OpenJDK 64-Bit Server VM (25.252-b09 mixed mode bsd-amd64 compressed oops)
# Problematic frame:
# C  0x0000000000000000
#
# Failed to write core dump. Core dumps have been disabled. To enable core dumping, try "ulimit -c unlimited" before starting Java again
#
# If you would like to submit a bug report, please visit:
#   http://bugreport.java.com/bugreport/crash.jsp
#

---------------  T H R E A D  ---------------

Current thread is native thread

siginfo: si_signo: 11 (SIGSEGV), si_code: 1 (SEGV_MAPERR), si_addr: 0x0000000000000000

Registers:
RAX=0x000000011e5c7508, RBX=0x00000000000161b0, RCX=0x0000000000000010, RDX=0xfffffffffffffff0
RSP=0x000070000b7cc998, RBP=0x000070000b7cca40, RSI=0x0000000000000000, RDI=0x000000011d986000
R8 =0x0000000000000200, R9 =0x00007fb4e67d0e70, R10=0x00007fb4e1ec0030, R11=0x0000000005865fb0
R12=0x00007fb4e0f6aec0, R13=0x000000011d986000, R14=0x00007fb4e67d0e70, R15=0x0000000000000800
RIP=0x0000000000000000, EFLAGS=0x0000000000010246, ERR=0x0000000000000014
  TRAPNO=0x000000000000000e

Top of Stack: (sp=0x000070000b7cc998)
0x000070000b7cc998:   000000011e599639 0000000000000000
0x000070000b7cc9a8:   0000000000000000 000000011d98e1b0
0x000070000b7cc9b8:   000000011d591010 000000011d98c1b0
0x000070000b7cc9c8:   0000020000000000 0000000000000000
0x000070000b7cc9d8:   0000000000000800 0000700000000200
0x000070000b7cc9e8:   000000011d98a1b0 000000011d986000
0x000070000b7cc9f8:   0000020000000000 0000000000000000
0x000070000b7cca08:   000000000000037f 954af990f8a3003b
0x000070000b7cca18:   00007fb4e7830320 00007fb4e0f6aec0
0x000070000b7cca28:   00007fb4e78302a0 00007fb4e67d0e70
0x000070000b7cca38:   00007fb4e7830320 000070000b7cca50
0x000070000b7cca48:   000000011e5a92ef 000070000b7ccad0
0x000070000b7cca58:   0000000129262a1f 0000000000000003
0x000070000b7cca68:   00007fb4e64e8e60 00007fb4e1ebfe00
0x000070000b7cca78:   00007fb4e78302a0 0000020000000000
0x000070000b7cca88:   00007fb4e1ebfff8 000070000b7ccc18
0x000070000b7cca98:   000070000b7ccc90 0000700000000000
0x000070000b7ccaa8:   000070000b7ccc90 00007fb4e1ebfe00
0x000070000b7ccab8:   00007fb4e64e8de0 00007fb4e782e9a0
0x000070000b7ccac8:   0000000000000200 000070000b7ccb20
0x000070000b7ccad8:   000000012937e587 00007fb4e65f4e28
0x000070000b7ccae8:   000070000b7ccc18 000000000b7ccbe0
0x000070000b7ccaf8:   0000000000001000 00007fb4e1ebfe00
0x000070000b7ccb08:   000070000b7ccc18 0000000000000000
0x000070000b7ccb18:   0000000000000001 000070000b7ccbf0
0x000070000b7ccb28:   000000012937dce7 00007fb4e782e9a0
0x000070000b7ccb38:   00007fb4e78006f8 00001fa000000000
0x000070000b7ccb48:   000070000b7ccc90 00007fb4e64e8de0
0x000070000b7ccb58:   00007fb4e782e9a0 00007fb4e1ebfe00
0x000070000b7ccb68:   00000200e1ebfe00 0000000000009fe0
0x000070000b7ccb78:   0000000000000000 00007fb4e1ec00e8
0x000070000b7ccb88:   00007fb4e1ec00e8 000070000b7ccbd0 

Instructions: (pc=0x0000000000000000)
0xffffffffffffffe0:   

Register to memory mapping:

RAX=